<?xml version="1.0" encoding="UTF-8"?>
<!-- Generated by org.testng.reporters.JUnitReportReporter -->
<testsuite hostname="AHMnpatel4ZJG5J" failures="0" tests="1" name="com.neo.testcases.LoginTestCases" time="4.442" errors="0" timestamp="20 Dec 2018 10:57:39 GMT">
  <testcase classname="com.neo.testcases.LoginTestCases" name="TC1" time="4.442"/>
</testsuite> <!-- com.neo.testcases.LoginTestCasesAndGetDataAndGetData -->
